<?xml version="1.0" encoding="utf-8"?>
<coverage line-rate="0.9787" branch-rate="1" version="1.9" timestamp="1636419537" lines-covered="46" lines-valid="47" branches-covered="10" branches-valid="10">
  <sources>
    <source>E:\</source>
  </sources>
  <packages>
    <package name="CalculatorLibrary" line-rate="0.9787" branch-rate="1" complexity="12">
      <classes>
        <class name="CalculatorLibrary.Calculator" filename="ANKO\C# Fundamentals\Calculator\Calculator\CalculatorLibrary\CalculatorLibrary.cs" line-rate="0.9787" branch-rate="1" complexity="12">
          <methods>
            <method name="DoOperation" signature="(System.Double,System.Double,System.String)" line-rate="0.9666" branch-rate="1" complexity="10">
              <lines>
                <line number="23" hits="13" branch="False" />
                <line number="26" hits="13" branch="False" />
                <line number="27" hits="13" branch="False" />
                <line number="28" hits="13" branch="False" />
                <line number="29" hits="13" branch="False" />
                <line number="30" hits="13" branch="False" />
                <line number="31" hits="13" branch="False" />
                <line number="32" hits="13" branch="False" />
                <line number="34" hits="13" branch="True" condition-coverage="100% (8/8)">
                  <conditions>
                    <condition number="115" type="jump" coverage="100%" />
                    <condition number="128" type="jump" coverage="100%" />
                    <condition number="141" type="jump" coverage="100%" />
                    <condition number="154" type="jump" coverage="100%" />
                  </conditions>
                </line>
                <line number="37" hits="3" branch="False" />
                <line number="38" hits="3" branch="False" />
                <line number="39" hits="3" branch="False" />
                <line number="41" hits="3" branch="False" />
                <line number="42" hits="3" branch="False" />
                <line number="43" hits="3" branch="False" />
                <line number="45" hits="3" branch="False" />
                <line number="46" hits="3" branch="False" />
                <line number="47" hits="3" branch="False" />
                <line number="50" hits="4" branch="True" condition-coverage="100% (2/2)">
                  <conditions>
                    <condition number="244" type="jump" coverage="100%" />
                  </conditions>
                </line>
                <line number="51" hits="3" branch="False" />
                <line number="52" hits="3" branch="False" />
                <line number="53" hits="3" branch="False" />
                <line number="54" hits="3" branch="False" />
                <line number="55" hits="4" branch="False" />
                <line number="58" hits="0" branch="False" />
                <line number="60" hits="13" branch="False" />
                <line number="61" hits="12" branch="False" />
                <line number="62" hits="12" branch="False" />
                <line number="63" hits="12" branch="False" />
                <line number="64" hits="12" branch="False" />
              </lines>
            </method>
            <method name="Finish" signature="()" line-rate="1" branch-rate="1" complexity="1">
              <lines>
                <line number="67" hits="13" branch="False" />
                <line number="68" hits="13" branch="False" />
                <line number="69" hits="13" branch="False" />
                <line number="70" hits="13" branch="False" />
                <line number="71" hits="13" branch="False" />
                <line number="72" hits="13" branch="False" />
                <line number="73" hits="13" branch="False" />
              </lines>
            </method>
            <method name=".ctor" signature="()" line-rate="1" branch-rate="1" complexity="1">
              <lines>
                <line number="12" hits="14" branch="False" />
                <line number="13" hits="14" branch="False" />
                <line number="14" hits="14" branch="False" />
                <line number="15" hits="14" branch="False" />
                <line number="16" hits="14" branch="False" />
                <line number="17" hits="14" branch="False" />
                <line number="18" hits="14" branch="False" />
                <line number="19" hits="14" branch="False" />
                <line number="20" hits="14" branch="False" />
                <line number="21" hits="14" branch="False" />
              </lines>
            </method>
          </methods>
          <lines>
            <line number="23" hits="13" branch="False" />
            <line number="26" hits="13" branch="False" />
            <line number="27" hits="13" branch="False" />
            <line number="28" hits="13" branch="False" />
            <line number="29" hits="13" branch="False" />
            <line number="30" hits="13" branch="False" />
            <line number="31" hits="13" branch="False" />
            <line number="32" hits="13" branch="False" />
            <line number="34" hits="13" branch="True" condition-coverage="100% (8/8)">
              <conditions>
                <condition number="115" type="jump" coverage="100%" />
                <condition number="128" type="jump" coverage="100%" />
                <condition number="141" type="jump" coverage="100%" />
                <condition number="154" type="jump" coverage="100%" />
              </conditions>
            </line>
            <line number="37" hits="3" branch="False" />
            <line number="38" hits="3" branch="False" />
            <line number="39" hits="3" branch="False" />
            <line number="41" hits="3" branch="False" />
            <line number="42" hits="3" branch="False" />
            <line number="43" hits="3" branch="False" />
            <line number="45" hits="3" branch="False" />
            <line number="46" hits="3" branch="False" />
            <line number="47" hits="3" branch="False" />
            <line number="50" hits="4" branch="True" condition-coverage="100% (2/2)">
              <conditions>
                <condition number="244" type="jump" coverage="100%" />
              </conditions>
            </line>
            <line number="51" hits="3" branch="False" />
            <line number="52" hits="3" branch="False" />
            <line number="53" hits="3" branch="False" />
            <line number="54" hits="3" branch="False" />
            <line number="55" hits="4" branch="False" />
            <line number="58" hits="0" branch="False" />
            <line number="60" hits="13" branch="False" />
            <line number="61" hits="12" branch="False" />
            <line number="62" hits="12" branch="False" />
            <line number="63" hits="12" branch="False" />
            <line number="64" hits="12" branch="False" />
            <line number="67" hits="13" branch="False" />
            <line number="68" hits="13" branch="False" />
            <line number="69" hits="13" branch="False" />
            <line number="70" hits="13" branch="False" />
            <line number="71" hits="13" branch="False" />
            <line number="72" hits="13" branch="False" />
            <line number="73" hits="13" branch="False" />
            <line number="12" hits="14" branch="False" />
            <line number="13" hits="14" branch="False" />
            <line number="14" hits="14" branch="False" />
            <line number="15" hits="14" branch="False" />
            <line number="16" hits="14" branch="False" />
            <line number="17" hits="14" branch="False" />
            <line number="18" hits="14" branch="False" />
            <line number="19" hits="14" branch="False" />
            <line number="20" hits="14" branch="False" />
            <line number="21" hits="14" branch="False" />
          </lines>
        </class>
      </classes>
    </package>
  </packages>
</coverage>